Determining if the pthread_create exist failed with the following output:
Change Dir: /home/mohamed/src/mc_franka/build/CMakeFiles/CMakeTmp

Run Build Command:"/usr/bin/make" "cmTC_1197e/fast"
/usr/bin/make -f CMakeFiles/cmTC_1197e.dir/build.make CMakeFiles/cmTC_1197e.dir/build
make[1]: Entering directory '/home/mohamed/src/mc_franka/build/CMakeFiles/CMakeTmp'
Building CXX object CMakeFiles/cmTC_1197e.dir/CheckSymbolExists.cxx.o
/usr/bin/c++     -o CMakeFiles/cmTC_1197e.dir/CheckSymbolExists.cxx.o -c /home/mohamed/src/mc_franka/build/CMakeFiles/CMakeTmp/CheckSymbolExists.cxx
Linking CXX executable cmTC_1197e
/usr/bin/cmake -E cmake_link_script CMakeFiles/cmTC_1197e.dir/link.txt --verbose=1
/usr/bin/c++       -rdynamic CMakeFiles/cmTC_1197e.dir/CheckSymbolExists.cxx.o  -o cmTC_1197e 
CMakeFiles/cmTC_1197e.dir/CheckSymbolExists.cxx.o: In function `main':
CheckSymbolExists.cxx:(.text+0x1b): undefined reference to `pthread_create'
collect2: error: ld returned 1 exit status
CMakeFiles/cmTC_1197e.dir/build.make:97: recipe for target 'cmTC_1197e' failed
make[1]: *** [cmTC_1197e] Error 1
make[1]: Leaving directory '/home/mohamed/src/mc_franka/build/CMakeFiles/CMakeTmp'
Makefile:126: recipe for target 'cmTC_1197e/fast' failed
make: *** [cmTC_1197e/fast] Error 2

File /home/mohamed/src/mc_franka/build/CMakeFiles/CMakeTmp/CheckSymbolExists.cxx:
/* */
#include <pthread.h>

int main(int argc, char** argv)
{
  (void)argv;
#ifndef pthread_create
  return ((int*)(&pthread_create))[argc];
#else
  (void)argc;
  return 0;
#endif
}

Determining if the function pthread_create exists in the pthreads failed with the following output:
Change Dir: /home/mohamed/src/mc_franka/build/CMakeFiles/CMakeTmp

Run Build Command:"/usr/bin/make" "cmTC_d70fb/fast"
/usr/bin/make -f CMakeFiles/cmTC_d70fb.dir/build.make CMakeFiles/cmTC_d70fb.dir/build
make[1]: Entering directory '/home/mohamed/src/mc_franka/build/CMakeFiles/CMakeTmp'
Building CXX object CMakeFiles/cmTC_d70fb.dir/CheckFunctionExists.cxx.o
/usr/bin/c++    -DCHECK_FUNCTION_EXISTS=pthread_create   -o CMakeFiles/cmTC_d70fb.dir/CheckFunctionExists.cxx.o -c /home/mohamed/src/mc_franka/build/CMakeFiles/CheckLibraryExists/CheckFunctionExists.cxx
Linking CXX executable cmTC_d70fb
/usr/bin/cmake -E cmake_link_script CMakeFiles/cmTC_d70fb.dir/link.txt --verbose=1
/usr/bin/c++   -DCHECK_FUNCTION_EXISTS=pthread_create    -rdynamic CMakeFiles/cmTC_d70fb.dir/CheckFunctionExists.cxx.o  -o cmTC_d70fb -lpthreads 
/usr/bin/ld: cannot find -lpthreads
collect2: error: ld returned 1 exit status
CMakeFiles/cmTC_d70fb.dir/build.make:97: recipe for target 'cmTC_d70fb' failed
make[1]: *** [cmTC_d70fb] Error 1
make[1]: Leaving directory '/home/mohamed/src/mc_franka/build/CMakeFiles/CMakeTmp'
Makefile:126: recipe for target 'cmTC_d70fb/fast' failed
make: *** [cmTC_d70fb/fast] Error 2


